Using pre-set license
Built from '2021.3/staging' branch; Version is '2021.3.6f1 (7da38d85baf6) revision 8233869'; Using compiler version '192829333'; Build Type 'Release'
OS: 'Windows 10  (10.0.19044) 64bit Core' Language: 'ru' Physical Memory: 7971 MB
BatchMode: 1, IsHumanControllingUs: 0, StartBugReporterOnCrash: 0, Is64bit: 1, IsPro: 1

COMMAND LINE ARGUMENTS:
I:\APPS\UNity\2021.3.6f1\Editor\Unity.exe
-adb2
-batchMode
-noUpm
-name
AssetImportWorker0
-projectPath
I:/APPS/UNity/NubulaTZ/NebulaTestGame
-logFile
Logs/AssetImportWorker0.log
-srvPort
62829
Successfully changed project path to: I:/APPS/UNity/NubulaTZ/NebulaTestGame
I:/APPS/UNity/NubulaTZ/NebulaTestGame
[UnityMemory] Configuration Parameters - Can be set up in boot.config
    "memorysetup-bucket-allocator-granularity=16"
    "memorysetup-bucket-allocator-bucket-count=8"
    "memorysetup-bucket-allocator-block-size=33554432"
    "memorysetup-bucket-allocator-block-count=8"
    "memorysetup-main-allocator-block-size=16777216"
    "memorysetup-thread-allocator-block-size=16777216"
    "memorysetup-gfx-main-allocator-block-size=16777216"
    "memorysetup-gfx-thread-allocator-block-size=16777216"
    "memorysetup-cache-allocator-block-size=4194304"
    "memorysetup-typetree-allocator-block-size=2097152"
    "memorysetup-profiler-bucket-allocator-granularity=16"
    "memorysetup-profiler-bucket-allocator-bucket-count=8"
    "memorysetup-profiler-bucket-allocator-block-size=33554432"
    "memorysetup-profiler-bucket-allocator-block-count=8"
    "memorysetup-profiler-allocator-block-size=16777216"
    "memorysetup-profiler-editor-allocator-block-size=1048576"
    "memorysetup-temp-allocator-size-main=16777216"
    "memorysetup-job-temp-allocator-block-size=2097152"
    "memorysetup-job-temp-allocator-block-size-background=1048576"
    "memorysetup-job-temp-allocator-reduction-small-platforms=262144"
    "memorysetup-temp-allocator-size-background-worker=32768"
    "memorysetup-temp-allocator-size-job-worker=262144"
    "memorysetup-temp-allocator-size-preload-manager=33554432"
    "memorysetup-temp-allocator-size-nav-mesh-worker=65536"
    "memorysetup-temp-allocator-size-audio-worker=65536"
    "memorysetup-temp-allocator-size-cloud-worker=32768"
    "memorysetup-temp-allocator-size-gi-baking-worker=262144"
    "memorysetup-temp-allocator-size-gfx=262144"
Refreshing native plugins compatible for Editor in 180.50 ms, found 3 plugins.
Preloading 0 native plugins for Editor in 0.00 ms.
Initialize engine version: 2021.3.6f1 (7da38d85baf6)
[Subsystems] Discovering subsystems at path I:/APPS/UNity/2021.3.6f1/Editor/Data/Resources/UnitySubsystems
[Subsystems] Discovering subsystems at path I:/APPS/UNity/NubulaTZ/NebulaTestGame/Assets
GfxDevice: creating device client; threaded=0; jobified=0
Direct3D:
    Version:  Direct3D 11.0 [level 11.1]
    Renderer: Intel(R) UHD Graphics (ID=0x9a78)
    Vendor:   Intel
    VRAM:     3985 MB
    Driver:   27.20.100.8439
Initialize mono
Mono path[0] = 'I:/APPS/UNity/2021.3.6f1/Editor/Data/Managed'
Mono path[1] = 'I:/APPS/UNity/2021.3.6f1/Editor/Data/MonoBleedingEdge/lib/mono/unityjit-win32'
Mono config path = 'I:/APPS/UNity/2021.3.6f1/Editor/Data/MonoBleedingEdge/etc'
Using monoOptions --debugger-agent=transport=dt_socket,embedding=1,server=y,suspend=n,address=127.0.0.1:56276
Begin MonoManager ReloadAssembly
Registering precompiled unity dll's ...
Register platform support module: I:/APPS/UNity/2021.3.6f1/Editor/Data/PlaybackEngines/WebGLSupport/UnityEditor.WebGL.Extensions.dll
Register platform support module: I:/APPS/UNity/2021.3.6f1/Editor/Data/PlaybackEngines/AndroidPlayer/UnityEditor.Android.Extensions.dll
Register platform support module: I:/APPS/UNity/2021.3.6f1/Editor/Data/PlaybackEngines/WindowsStandaloneSupport/UnityEditor.WindowsStandalone.Extensions.dll
Register platform support module: I:/APPS/UNity/2021.3.6f1/Editor/Data/PlaybackEngines/MetroSupport/UnityEditor.UWP.Extensions.dll
Registered in 0.012939 seconds.
Native extension for UWP target not found
Native extension for WindowsStandalone target not found
Native extension for Android target not found
Native extension for WebGL target not found
Refreshing native plugins compatible for Editor in 109.03 ms, found 3 plugins.
Preloading 0 native plugins for Editor in 0.00 ms.
Mono: successfully reloaded assembly
- Completed reload, in  1.278 seconds
Domain Reload Profiling:
	ReloadAssembly (1278ms)
		BeginReloadAssembly (493ms)
			ExecutionOrderSort (0ms)
			DisableScriptedObjects (0ms)
			BackupInstance (0ms)
			ReleaseScriptingObjects (0ms)
			CreateAndSetChildDomain (1ms)
		EndReloadAssembly (611ms)
			LoadAssemblies (495ms)
			RebuildTransferFunctionScriptingTraits (0ms)
			SetupTypeCache (160ms)
			ReleaseScriptCaches (0ms)
			RebuildScriptCaches (35ms)
			SetupLoadedEditorAssemblies (356ms)
				LogAssemblyErrors (0ms)
				InitializePlatformSupportModulesInManaged (73ms)
				SetLoadedEditorAssemblies (0ms)
				RefreshPlugins (109ms)
				BeforeProcessingInitializeOnLoad (2ms)
				ProcessInitializeOnLoadAttributes (121ms)
				ProcessInitializeOnLoadMethodAttributes (51ms)
				AfterProcessingInitializeOnLoad (0ms)
				EditorAssembliesLoaded (0ms)
			ExecutionOrderSort2 (0ms)
			AwakeInstancesAfterBackupRestoration (0ms)
Platform modules already initialized, skipping
Registering precompiled user dll's ...
Registered in 0.012506 seconds.
Begin MonoManager ReloadAssembly
Symbol file LoadedFromMemory doesn't match image I:\APPS\UNity\NubulaTZ\NebulaTestGame\Library\PackageCache\com.unity.visualscripting@1.7.8\Editor\VisualScripting.Core\Dependencies\YamlDotNet\Unity.VisualScripting.YamlDotNet.dll
Symbol file LoadedFromMemory doesn't match image I:\APPS\UNity\NubulaTZ\NebulaTestGame\Library\PackageCache\com.unity.visualscripting@1.7.8\Editor\VisualScripting.Core\Dependencies\DotNetZip\Unity.VisualScripting.IonicZip.dll
Native extension for UWP target not found
Native extension for WindowsStandalone target not found
Native extension for Android target not found
Native extension for WebGL target not found
Refreshing native plugins compatible for Editor in 0.94 ms, found 3 plugins.
Preloading 0 native plugins for Editor in 0.00 ms.
Mono: successfully reloaded assembly
Package Manager log level set to [2]
- Completed reload, in  1.964 seconds
Domain Reload Profiling:
	ReloadAssembly (1965ms)
		BeginReloadAssembly (272ms)
			ExecutionOrderSort (0ms)
			DisableScriptedObjects (6ms)
			BackupInstance (0ms)
			ReleaseScriptingObjects (0ms)
			CreateAndSetChildDomain (135ms)
		EndReloadAssembly (1484ms)
			LoadAssemblies (171ms)
			RebuildTransferFunctionScriptingTraits (0ms)
			SetupTypeCache (456ms)
			ReleaseScriptCaches (1ms)
			RebuildScriptCaches (164ms)
			SetupLoadedEditorAssemblies (525ms)
				LogAssemblyErrors (0ms)
				InitializePlatformSupportModulesInManaged (31ms)
				SetLoadedEditorAssemblies (1ms)
				RefreshPlugins (1ms)
				BeforeProcessingInitializeOnLoad (148ms)
				ProcessInitializeOnLoadAttributes (304ms)
				ProcessInitializeOnLoadMethodAttributes (34ms)
				AfterProcessingInitializeOnLoad (7ms)
				EditorAssembliesLoaded (0ms)
			ExecutionOrderSort2 (0ms)
			AwakeInstancesAfterBackupRestoration (7ms)
Platform modules already initialized, skipping
========================================================================
Worker process is ready to serve import requests
Launched and connected shader compiler UnityShaderCompiler.exe after 0.05 seconds
Refreshing native plugins compatible for Editor in 0.55 ms, found 3 plugins.
Preloading 0 native plugins for Editor in 0.00 ms.
Unloading 3473 Unused Serialized files (Serialized files now loaded: 0)
Unloading 41 unused Assets / (86.1 KB). Loaded Objects now: 3917.
Memory consumption went from 118.2 MB to 118.1 MB.
Total: 4.035200 ms (FindLiveObjects: 0.355800 ms CreateObjectMapping: 0.174600 ms MarkObjects: 3.384400 ms  DeleteObjects: 0.118900 ms)

AssetImportParameters requested are different than current active one (requested -> active):
  custom:video-decoder-ogg-theora: a1e56fd34408186e4bbccfd4996cb3dc -> 
  custom:container-muxer-webm: aa71ff27fc2769a1b78a27578f13a17b -> 
  custom:container-demuxer-webm: 4f35f7cbe854078d1ac9338744f61a02 -> 
  custom:video-encoder-webm-vp8: eb34c28f22e8b96e1ab97ce403110664 -> 
  custom:audio-encoder-webm-vorbis: bf7c407c2cedff20999df2af8eb42d56 -> 
  custom:framework-win-MediaFoundation: 216162199b28c13a410421893ffa2e32 -> 
  custom:container-demuxer-ogg: 62fdf1f143b41e24485cea50d1cbac27 -> 
  custom:video-decoder-webm-vp8: 9c59270c3fd7afecdb556c50c9e8de78 -> 
  custom:audio-decoder-ogg-vorbis: bf7c407c2cedff20999df2af8eb42d56 -> 
========================================================================
Received Import Request.
  Time since last request: 671508.798577 seconds.
  path: Assets/Readme.asset
  artifactKey: Guid(7f2c382dc2c22446db59030979f6e495) Importer(815301076,1909f56bfc062723c751e8b465ee728b)
Start importing Assets/Readme.asset using Guid(7f2c382dc2c22446db59030979f6e495) Importer(815301076,1909f56bfc062723c751e8b465ee728b)  -> (artifact id: '9990f39c3de691f85cda2915bc54e9c4') in 0.067427 seconds 
========================================================================
Received Import Request.
  Time since last request: 223.571883 seconds.
  path: Assets/Editor
  artifactKey: Guid(9a2df797eb7ea8e44843144af9429b99) Importer(815301076,1909f56bfc062723c751e8b465ee728b)
Start importing Assets/Editor using Guid(9a2df797eb7ea8e44843144af9429b99) Importer(815301076,1909f56bfc062723c751e8b465ee728b)  -> (artifact id: '42ef7938f5a0303a7559a20308b19fb7') in 0.010602 seconds 
========================================================================
Received Import Request.
  Time since last request: 0.660987 seconds.
  path: Assets/Editor/com.unity.mobile.notifications
  artifactKey: Guid(6d8e2e3178665be488e481c57be9527e) Importer(815301076,1909f56bfc062723c751e8b465ee728b)
Start importing Assets/Editor/com.unity.mobile.notifications using Guid(6d8e2e3178665be488e481c57be9527e) Importer(815301076,1909f56bfc062723c751e8b465ee728b)  -> (artifact id: '9b0aa3f0dae1ed05b22019f887a6b45b') in 0.026350 seconds 
========================================================================
Received Import Request.
  Time since last request: 0.060636 seconds.
  path: Assets/Editor/com.unity.mobile.notifications/NotificationSettings.asset
  artifactKey: Guid(45a04f37e0f48c744acc0874c4a8918a) Importer(815301076,1909f56bfc062723c751e8b465ee728b)
Start importing Assets/Editor/com.unity.mobile.notifications/NotificationSettings.asset using Guid(45a04f37e0f48c744acc0874c4a8918a) Importer(815301076,1909f56bfc062723c751e8b465ee728b)  -> (artifact id: 'd697a503cfdd15986ea30430b0eb6409') in 0.030297 seconds 
========================================================================
Received Import Request.
  Time since last request: 9.106105 seconds.
  path: Assets/TutorialInfo
  artifactKey: Guid(034b93559619c664583bc87483b771f6) Importer(815301076,1909f56bfc062723c751e8b465ee728b)
Start importing Assets/TutorialInfo using Guid(034b93559619c664583bc87483b771f6) Importer(815301076,1909f56bfc062723c751e8b465ee728b)  -> (artifact id: '8a33b34334832c89077dddf9de40ddb6') in 0.015457 seconds 
========================================================================
Received Import Request.
  Time since last request: 1.143423 seconds.
  path: Assets/TutorialInfo/Scripts
  artifactKey: Guid(5a9bcd70e6a4b4b05badaa72e827d8e0) Importer(815301076,1909f56bfc062723c751e8b465ee728b)
Start importing Assets/TutorialInfo/Scripts using Guid(5a9bcd70e6a4b4b05badaa72e827d8e0) Importer(815301076,1909f56bfc062723c751e8b465ee728b)  -> (artifact id: 'bd40405b1c33fc38c3cf389a51b62526') in 0.019297 seconds 
========================================================================
Received Import Request.
  Time since last request: 1.143578 seconds.
  path: Assets/TutorialInfo/Scripts/Editor
  artifactKey: Guid(3ad9b87dffba344c89909c6d1b1c17e1) Importer(815301076,1909f56bfc062723c751e8b465ee728b)
Start importing Assets/TutorialInfo/Scripts/Editor using Guid(3ad9b87dffba344c89909c6d1b1c17e1) Importer(815301076,1909f56bfc062723c751e8b465ee728b)  -> (artifact id: '5fd757725371249e191449f57f634ec2') in 0.003496 seconds 
========================================================================
Received Import Request.
  Time since last request: 0.824507 seconds.
  path: Assets/TutorialInfo/Scripts/Editor/ReadmeEditor.cs
  artifactKey: Guid(476cc7d7cd9874016adc216baab94a0a) Importer(815301076,1909f56bfc062723c751e8b465ee728b)
Start importing Assets/TutorialInfo/Scripts/Editor/ReadmeEditor.cs using Guid(476cc7d7cd9874016adc216baab94a0a) Importer(815301076,1909f56bfc062723c751e8b465ee728b)  -> (artifact id: '8a219de8762d32bc4258b2c1048f5c1b') in 0.033715 seconds 
========================================================================
Received Import Request.
  Time since last request: 17.020780 seconds.
  path: Assets/Scenes
  artifactKey: Guid(30340b97d11d06a45ab35a95bc963c9a) Importer(815301076,1909f56bfc062723c751e8b465ee728b)
Start importing Assets/Scenes using Guid(30340b97d11d06a45ab35a95bc963c9a) Importer(815301076,1909f56bfc062723c751e8b465ee728b)  -> (artifact id: '2cebdab469fdb3923507f91ab35d2166') in 0.018309 seconds 
========================================================================
Received Prepare
Registering precompiled user dll's ...
Registered in 0.002623 seconds.
Begin MonoManager ReloadAssembly
Symbol file LoadedFromMemory doesn't match image I:\APPS\UNity\NubulaTZ\NebulaTestGame\Library\PackageCache\com.unity.visualscripting@1.7.8\Editor\VisualScripting.Core\Dependencies\YamlDotNet\Unity.VisualScripting.YamlDotNet.dll
Symbol file LoadedFromMemory doesn't match image I:\APPS\UNity\NubulaTZ\NebulaTestGame\Library\PackageCache\com.unity.visualscripting@1.7.8\Editor\VisualScripting.Core\Dependencies\DotNetZip\Unity.VisualScripting.IonicZip.dll
Native extension for UWP target not found
Native extension for WindowsStandalone target not found
Native extension for Android target not found
Native extension for WebGL target not found
Refreshing native plugins compatible for Editor in 0.60 ms, found 3 plugins.
Preloading 0 native plugins for Editor in 0.00 ms.
Mono: successfully reloaded assembly
- Completed reload, in  1.040 seconds
Domain Reload Profiling:
	ReloadAssembly (1041ms)
		BeginReloadAssembly (143ms)
			ExecutionOrderSort (0ms)
			DisableScriptedObjects (5ms)
			BackupInstance (0ms)
			ReleaseScriptingObjects (0ms)
			CreateAndSetChildDomain (45ms)
		EndReloadAssembly (784ms)
			LoadAssemblies (89ms)
			RebuildTransferFunctionScriptingTraits (0ms)
			SetupTypeCache (253ms)
			ReleaseScriptCaches (2ms)
			RebuildScriptCaches (36ms)
			SetupLoadedEditorAssemblies (372ms)
				LogAssemblyErrors (0ms)
				InitializePlatformSupportModulesInManaged (24ms)
				SetLoadedEditorAssemblies (0ms)
				RefreshPlugins (1ms)
				BeforeProcessingInitializeOnLoad (76ms)
				ProcessInitializeOnLoadAttributes (241ms)
				ProcessInitializeOnLoadMethodAttributes (27ms)
				AfterProcessingInitializeOnLoad (2ms)
				EditorAssembliesLoaded (0ms)
			ExecutionOrderSort2 (0ms)
			AwakeInstancesAfterBackupRestoration (5ms)
Platform modules already initialized, skipping
Refreshing native plugins compatible for Editor in 2.38 ms, found 3 plugins.
Preloading 0 native plugins for Editor in 0.00 ms.
Unloading 3466 Unused Serialized files (Serialized files now loaded: 0)
Unloading 35 unused Assets / (53.2 KB). Loaded Objects now: 3919.
Memory consumption went from 118.0 MB to 118.0 MB.
Total: 2.827500 ms (FindLiveObjects: 0.208700 ms CreateObjectMapping: 0.109000 ms MarkObjects: 2.442900 ms  DeleteObjects: 0.066100 ms)

AssetImportParameters requested are different than current active one (requested -> active):
  custom:video-decoder-ogg-theora: a1e56fd34408186e4bbccfd4996cb3dc -> 
  custom:container-muxer-webm: aa71ff27fc2769a1b78a27578f13a17b -> 
  custom:container-demuxer-webm: 4f35f7cbe854078d1ac9338744f61a02 -> 
  custom:video-encoder-webm-vp8: eb34c28f22e8b96e1ab97ce403110664 -> 
  custom:audio-encoder-webm-vorbis: bf7c407c2cedff20999df2af8eb42d56 -> 
  custom:framework-win-MediaFoundation: 216162199b28c13a410421893ffa2e32 -> 
  custom:container-demuxer-ogg: 62fdf1f143b41e24485cea50d1cbac27 -> 
  custom:video-decoder-webm-vp8: 9c59270c3fd7afecdb556c50c9e8de78 -> 
  custom:audio-decoder-ogg-vorbis: bf7c407c2cedff20999df2af8eb42d56 -> 
========================================================================
Received Import Request.
  Time since last request: 44.270596 seconds.
  path: Assets/Source
  artifactKey: Guid(9ef4d6a1874da7f45a23780d08f8fb4d) Importer(815301076,1909f56bfc062723c751e8b465ee728b)
Start importing Assets/Source using Guid(9ef4d6a1874da7f45a23780d08f8fb4d) Importer(815301076,1909f56bfc062723c751e8b465ee728b)  -> (artifact id: '864ae08f807b3be991c2b79cc20625ae') in 0.012740 seconds 
========================================================================
Received Import Request.
  Time since last request: 3.421664 seconds.
  path: Assets
  artifactKey: Guid(00000000000000001000000000000000) Importer(815301076,1909f56bfc062723c751e8b465ee728b)
Start importing Assets using Guid(00000000000000001000000000000000) Importer(815301076,1909f56bfc062723c751e8b465ee728b)  -> (artifact id: '79842766b460edbeab6a34051e857a80') in 0.018056 seconds 
========================================================================
Received Import Request.
  Time since last request: 6.774721 seconds.
  path: Assets/Aduio
  artifactKey: Guid(33bfe37431db5af4496d339c53c3a645) Importer(815301076,1909f56bfc062723c751e8b465ee728b)
Start importing Assets/Aduio using Guid(33bfe37431db5af4496d339c53c3a645) Importer(815301076,1909f56bfc062723c751e8b465ee728b)  -> (artifact id: '7f94c991320cb4561d88bf5c38cae26e') in 0.015666 seconds 
========================================================================
Received Import Request.
  Time since last request: 7.771460 seconds.
  path: Assets/Sprites
  artifactKey: Guid(b1aa4ed7f3c7cfa4a8081993246eccef) Importer(815301076,1909f56bfc062723c751e8b465ee728b)
Start importing Assets/Sprites using Guid(b1aa4ed7f3c7cfa4a8081993246eccef) Importer(815301076,1909f56bfc062723c751e8b465ee728b)  -> (artifact id: '94d8871d7211131949fc2a0994fa4c58') in 0.016501 seconds 
========================================================================
Received Import Request.
  Time since last request: 246.017739 seconds.
  path: Assets/Prefabs
  artifactKey: Guid(746487191bb18b54e86c95d5603b84f6) Importer(815301076,1909f56bfc062723c751e8b465ee728b)
Start importing Assets/Prefabs using Guid(746487191bb18b54e86c95d5603b84f6) Importer(815301076,1909f56bfc062723c751e8b465ee728b)  -> (artifact id: 'ce686b6c134d15d2e964fbf73c661f77') in 0.017093 seconds 
========================================================================
Received Import Request.
  Time since last request: 13.582487 seconds.
  path: Assets/Models
  artifactKey: Guid(4138db92bb3e2b14ab371f45dd321a4b) Importer(815301076,1909f56bfc062723c751e8b465ee728b)
Start importing Assets/Models using Guid(4138db92bb3e2b14ab371f45dd321a4b) Importer(815301076,1909f56bfc062723c751e8b465ee728b)  -> (artifact id: '71030fc01a368ad5359b73f48da2ab7d') in 0.021832 seconds 
========================================================================
Received Import Request.
  Time since last request: 11.093133 seconds.
  path: Assets/Models/curious_stickman.obj
  artifactKey: Guid(98c65f138ca72904fafe0f93d0318ee2) Importer(815301076,1909f56bfc062723c751e8b465ee728b)
Start importing Assets/Models/curious_stickman.obj using Guid(98c65f138ca72904fafe0f93d0318ee2) Importer(815301076,1909f56bfc062723c751e8b465ee728b)  -> (artifact id: 'f761658841df007c88e4a3e7baf25450') in 0.522818 seconds 
